
[I 2024-02-21 14:47:44,976] A new study created in memory with name: no-name-fa5e5be8-353a-4e14-b4ab-58842f6e3184
[I 2024-02-21 14:49:40,436] Trial 2 finished with value: 0.8016713069923688 and parameters: {'n_layers': 3, 'n_units_l0': 48, 'n_units_l1': 32, 'n_units_l2': 79}. Best is trial 2 with value: 0.8016713069923688.
[I 2024-02-21 14:49:42,982] Trial 9 finished with value: 0.7852414327711529 and parameters: {'n_layers': 3, 'n_units_l0': 85, 'n_units_l1': 56, 'n_units_l2': 97}. Best is trial 2 with value: 0.8016713069923688.
[I 2024-02-21 14:49:44,525] Trial 4 finished with value: 0.8113308406713673 and parameters: {'n_layers': 2, 'n_units_l0': 29, 'n_units_l1': 33}. Best is trial 4 with value: 0.8113308406713673.
[I 2024-02-21 14:49:44,560] Trial 3 finished with value: 0.8083908697983965 and parameters: {'n_layers': 1, 'n_units_l0': 80}. Best is trial 4 with value: 0.8113308406713673.
[I 2024-02-21 14:49:46,759] Trial 7 finished with value: 0.8058759680713458 and parameters: {'n_layers': 2, 'n_units_l0': 84, 'n_units_l1': 48}. Best is trial 4 with value: 0.8113308406713673.
[I 2024-02-21 14:49:47,230] Trial 0 finished with value: 0.8031558534799936 and parameters: {'n_layers': 1, 'n_units_l0': 21}. Best is trial 4 with value: 0.8113308406713673.
[I 2024-02-21 14:49:48,446] Trial 1 finished with value: 0.8226363495116867 and parameters: {'n_layers': 2, 'n_units_l0': 71, 'n_units_l1': 32}. Best is trial 1 with value: 0.8226363495116867.
[I 2024-02-21 14:49:48,932] Trial 8 finished with value: 0.7956709573942585 and parameters: {'n_layers': 3, 'n_units_l0': 70, 'n_units_l1': 62, 'n_units_l2': 70}. Best is trial 1 with value: 0.8226363495116867.
[I 2024-02-21 14:49:49,747] Trial 5 finished with value: 0.8095387935841032 and parameters: {'n_layers': 1, 'n_units_l0': 69}. Best is trial 1 with value: 0.8226363495116867.
[I 2024-02-21 14:49:50,283] Trial 6 finished with value: 0.8108514207486957 and parameters: {'n_layers': 1, 'n_units_l0': 20}. Best is trial 1 with value: 0.8226363495116867.
Finished