
[I 2024-02-02 17:00:08,029] A new study created in memory with name: no-name-79a211dd-93ce-4b9e-afad-aa7d274c4cd7
[I 2024-02-02 17:00:12,770] Trial 0 finished with value: 0.8159579528217977 and parameters: {'n_layers': 3, 'n_units_l0': 42, 'n_units_l1': 67, 'n_units_l2': 85}. Best is trial 0 with value: 0.8159579528217977.
[I 2024-02-02 17:00:17,174] Trial 1 finished with value: 0.834342430256029 and parameters: {'n_layers': 2, 'n_units_l0': 39, 'n_units_l1': 61}. Best is trial 1 with value: 0.834342430256029.
[I 2024-02-02 17:00:21,170] Trial 2 finished with value: 0.8195061375891688 and parameters: {'n_layers': 3, 'n_units_l0': 64, 'n_units_l1': 88, 'n_units_l2': 14}. Best is trial 1 with value: 0.834342430256029.
[I 2024-02-02 17:00:24,848] Trial 3 finished with value: 0.8141509586882512 and parameters: {'n_layers': 2, 'n_units_l0': 97, 'n_units_l1': 29}. Best is trial 1 with value: 0.834342430256029.
[I 2024-02-02 17:00:28,172] Trial 4 finished with value: 0.8451525904134931 and parameters: {'n_layers': 1, 'n_units_l0': 49}. Best is trial 4 with value: 0.8451525904134931.
[I 2024-02-02 17:00:34,188] Trial 5 finished with value: 0.8302669584345395 and parameters: {'n_layers': 3, 'n_units_l0': 84, 'n_units_l1': 95, 'n_units_l2': 86}. Best is trial 4 with value: 0.8451525904134931.
[I 2024-02-02 17:00:38,403] Trial 6 finished with value: 0.8186477310967877 and parameters: {'n_layers': 2, 'n_units_l0': 38, 'n_units_l1': 56}. Best is trial 4 with value: 0.8451525904134931.
[I 2024-02-02 17:00:42,497] Trial 7 finished with value: 0.8330923486955362 and parameters: {'n_layers': 2, 'n_units_l0': 66, 'n_units_l1': 96}. Best is trial 4 with value: 0.8451525904134931.
[I 2024-02-02 17:00:46,638] Trial 8 finished with value: 0.8218162563714813 and parameters: {'n_layers': 2, 'n_units_l0': 20, 'n_units_l1': 70}. Best is trial 4 with value: 0.8451525904134931.
[I 2024-02-02 17:00:51,245] Trial 9 finished with value: 0.84400205746225 and parameters: {'n_layers': 3, 'n_units_l0': 46, 'n_units_l1': 41, 'n_units_l2': 47}. Best is trial 4 with value: 0.8451525904134931.
Finished