
[I 2024-02-02 17:08:41,630] A new study created in memory with name: no-name-88770ec2-447f-4b47-b09f-6b9daf84fa6a
[I 2024-02-02 17:08:46,695] Trial 0 finished with value: 0.8267748143238567 and parameters: {'n_layers': 2, 'n_units_l0': 65, 'n_units_l1': 72}. Best is trial 0 with value: 0.8267748143238567.
[I 2024-02-02 17:08:52,636] Trial 1 finished with value: 0.8180975048709749 and parameters: {'n_layers': 3, 'n_units_l0': 68, 'n_units_l1': 55, 'n_units_l2': 87}. Best is trial 0 with value: 0.8267748143238567.
[I 2024-02-02 17:08:56,087] Trial 2 finished with value: 0.834986636732569 and parameters: {'n_layers': 2, 'n_units_l0': 99, 'n_units_l1': 45}. Best is trial 2 with value: 0.834986636732569.
[I 2024-02-02 17:09:00,036] Trial 3 finished with value: 0.8185840246031433 and parameters: {'n_layers': 2, 'n_units_l0': 63, 'n_units_l1': 44}. Best is trial 2 with value: 0.834986636732569.
[I 2024-02-02 17:09:04,669] Trial 4 finished with value: 0.8280982057700255 and parameters: {'n_layers': 3, 'n_units_l0': 18, 'n_units_l1': 70, 'n_units_l2': 65}. Best is trial 2 with value: 0.834986636732569.
[I 2024-02-02 17:09:10,117] Trial 5 finished with value: 0.8360815246574209 and parameters: {'n_layers': 2, 'n_units_l0': 82, 'n_units_l1': 97}. Best is trial 5 with value: 0.8360815246574209.
[I 2024-02-02 17:09:16,089] Trial 6 finished with value: 0.8196218490347971 and parameters: {'n_layers': 3, 'n_units_l0': 14, 'n_units_l1': 18, 'n_units_l2': 92}. Best is trial 5 with value: 0.8360815246574209.
[I 2024-02-02 17:09:20,237] Trial 7 finished with value: 0.8180962952815841 and parameters: {'n_layers': 2, 'n_units_l0': 94, 'n_units_l1': 47}. Best is trial 5 with value: 0.8360815246574209.
[I 2024-02-02 17:09:24,351] Trial 8 finished with value: 0.8349156277533984 and parameters: {'n_layers': 3, 'n_units_l0': 27, 'n_units_l1': 30, 'n_units_l2': 87}. Best is trial 5 with value: 0.8360815246574209.
[I 2024-02-02 17:09:26,727] Trial 9 finished with value: 0.8469350394688051 and parameters: {'n_layers': 2, 'n_units_l0': 12, 'n_units_l1': 25}. Best is trial 9 with value: 0.8469350394688051.
Finished