
[I 2024-02-20 09:34:55,666] A new study created in memory with name: no-name-c9757c68-c670-41c2-84c4-af888c6bbee8
[I 2024-02-20 09:34:58,551] Trial 0 finished with value: 0.827513131973115 and parameters: {'n_layers': 3, 'n_units_l0': 38, 'n_units_l1': 24, 'n_units_l2': 13}. Best is trial 0 with value: 0.827513131973115.
[I 2024-02-20 09:35:03,454] Trial 1 finished with value: 0.8174368151215956 and parameters: {'n_layers': 2, 'n_units_l0': 82, 'n_units_l1': 72}. Best is trial 0 with value: 0.827513131973115.
[I 2024-02-20 09:35:07,936] Trial 2 finished with value: 0.8200750910192987 and parameters: {'n_layers': 2, 'n_units_l0': 12, 'n_units_l1': 90}. Best is trial 0 with value: 0.827513131973115.
[I 2024-02-20 09:35:13,771] Trial 3 finished with value: 0.8174036768644379 and parameters: {'n_layers': 3, 'n_units_l0': 52, 'n_units_l1': 45, 'n_units_l2': 100}. Best is trial 0 with value: 0.827513131973115.
[I 2024-02-20 09:35:19,732] Trial 4 finished with value: 0.8143269535888578 and parameters: {'n_layers': 2, 'n_units_l0': 61, 'n_units_l1': 95}. Best is trial 0 with value: 0.827513131973115.
[I 2024-02-20 09:35:24,328] Trial 5 finished with value: 0.8331778918242977 and parameters: {'n_layers': 3, 'n_units_l0': 66, 'n_units_l1': 66, 'n_units_l2': 16}. Best is trial 5 with value: 0.8331778918242977.
[I 2024-02-20 09:35:29,797] Trial 6 finished with value: 0.8110125210086213 and parameters: {'n_layers': 3, 'n_units_l0': 65, 'n_units_l1': 23, 'n_units_l2': 47}. Best is trial 5 with value: 0.8331778918242977.
[I 2024-02-20 09:35:35,393] Trial 7 finished with value: 0.818792509442561 and parameters: {'n_layers': 2, 'n_units_l0': 82, 'n_units_l1': 75}. Best is trial 5 with value: 0.8331778918242977.
[I 2024-02-20 09:35:39,907] Trial 8 finished with value: 0.8363579069660773 and parameters: {'n_layers': 1, 'n_units_l0': 54}. Best is trial 8 with value: 0.8363579069660773.
[I 2024-02-20 09:35:45,273] Trial 9 finished with value: 0.8287737737424736 and parameters: {'n_layers': 2, 'n_units_l0': 83, 'n_units_l1': 49}. Best is trial 8 with value: 0.8363579069660773.
Finished