
[I 2024-02-20 20:23:41,322] A new study created in memory with name: no-name-71de6f30-55ef-4ce5-b50f-6aa5936b1798
[I 2024-02-20 20:24:32,279] Trial 8 finished with value: 0.837380772504105 and parameters: {'n_layers': 2, 'n_units_l0': 47, 'n_units_l1': 94}. Best is trial 8 with value: 0.837380772504105.
[I 2024-02-20 20:24:32,810] Trial 9 finished with value: 0.8393313607853464 and parameters: {'n_layers': 1, 'n_units_l0': 75}. Best is trial 9 with value: 0.8393313607853464.
[I 2024-02-20 20:24:33,407] Trial 5 finished with value: 0.8303283854497481 and parameters: {'n_layers': 2, 'n_units_l0': 63, 'n_units_l1': 57}. Best is trial 9 with value: 0.8393313607853464.
[I 2024-02-20 20:24:34,012] Trial 4 finished with value: 0.8260229180402471 and parameters: {'n_layers': 1, 'n_units_l0': 95}. Best is trial 9 with value: 0.8393313607853464.
[I 2024-02-20 20:24:34,428] Trial 2 finished with value: 0.8330999644107238 and parameters: {'n_layers': 2, 'n_units_l0': 69, 'n_units_l1': 29}. Best is trial 9 with value: 0.8393313607853464.
[I 2024-02-20 20:24:34,773] Trial 0 finished with value: 0.8405988859035786 and parameters: {'n_layers': 1, 'n_units_l0': 44}. Best is trial 0 with value: 0.8405988859035786.
[I 2024-02-20 20:24:34,865] Trial 3 finished with value: 0.8337876821542333 and parameters: {'n_layers': 2, 'n_units_l0': 76, 'n_units_l1': 74}. Best is trial 0 with value: 0.8405988859035786.
[I 2024-02-20 20:24:35,251] Trial 1 finished with value: 0.8335805566919415 and parameters: {'n_layers': 3, 'n_units_l0': 87, 'n_units_l1': 42, 'n_units_l2': 14}. Best is trial 0 with value: 0.8405988859035786.
[I 2024-02-20 20:24:35,369] Trial 6 finished with value: 0.827924694177041 and parameters: {'n_layers': 2, 'n_units_l0': 63, 'n_units_l1': 66}. Best is trial 0 with value: 0.8405988859035786.
[I 2024-02-20 20:24:35,628] Trial 7 finished with value: 0.8363771053498266 and parameters: {'n_layers': 3, 'n_units_l0': 19, 'n_units_l1': 27, 'n_units_l2': 10}. Best is trial 0 with value: 0.8405988859035786.
Finished