
[I 2024-02-02 17:27:29,558] A new study created in memory with name: no-name-b16aba28-765f-4ef9-a27b-bcbaa1a2e1c8
[I 2024-02-02 17:27:32,775] Trial 0 finished with value: 0.8081544914080785 and parameters: {'n_layers': 3, 'n_units_l0': 21, 'n_units_l1': 56, 'n_units_l2': 20}. Best is trial 0 with value: 0.8081544914080785.
[I 2024-02-02 17:27:36,953] Trial 1 finished with value: 0.8321610076230306 and parameters: {'n_layers': 1, 'n_units_l0': 94}. Best is trial 1 with value: 0.8321610076230306.
[I 2024-02-02 17:27:41,060] Trial 2 finished with value: 0.8354841462628964 and parameters: {'n_layers': 1, 'n_units_l0': 89}. Best is trial 2 with value: 0.8354841462628964.
[I 2024-02-02 17:27:44,842] Trial 3 finished with value: 0.8202241948912713 and parameters: {'n_layers': 2, 'n_units_l0': 68, 'n_units_l1': 34}. Best is trial 2 with value: 0.8354841462628964.
[I 2024-02-02 17:27:48,659] Trial 4 finished with value: 0.8285366798448287 and parameters: {'n_layers': 1, 'n_units_l0': 72}. Best is trial 2 with value: 0.8354841462628964.
[I 2024-02-02 17:27:53,422] Trial 5 finished with value: 0.8309990208907795 and parameters: {'n_layers': 2, 'n_units_l0': 30, 'n_units_l1': 70}. Best is trial 2 with value: 0.8354841462628964.
[I 2024-02-02 17:27:58,656] Trial 6 finished with value: 0.8091623358489045 and parameters: {'n_layers': 3, 'n_units_l0': 85, 'n_units_l1': 47, 'n_units_l2': 59}. Best is trial 2 with value: 0.8354841462628964.
[I 2024-02-02 17:28:02,948] Trial 7 finished with value: 0.8281963944399935 and parameters: {'n_layers': 1, 'n_units_l0': 89}. Best is trial 2 with value: 0.8354841462628964.
[I 2024-02-02 17:28:08,069] Trial 8 finished with value: 0.8297410323804069 and parameters: {'n_layers': 3, 'n_units_l0': 51, 'n_units_l1': 97, 'n_units_l2': 13}. Best is trial 2 with value: 0.8354841462628964.
[I 2024-02-02 17:28:10,883] Trial 9 finished with value: 0.8300314167299133 and parameters: {'n_layers': 1, 'n_units_l0': 31}. Best is trial 2 with value: 0.8354841462628964.
Finished